<?xml version="1.0" encoding="UTF-8"?>
<testsuite xmlns:xsi="http://www.w3.org/2001/XMLSchema-instance" xsi:noNamespaceSchemaLocation="https://maven.apache.org/surefire/maven-surefire-plugin/xsd/surefire-test-report.xsd" name="JunitTest" time="20.356" tests="3" errors="0" skipped="0" failures="0">
  <properties>
[...]
</properties>
  <testcase name="findAll" classname="JunitTest" time="1.288"/>
  <testcase name="findUser" classname="JunitTest" time="0.427"/>
  <testcase name="insertUser" classname="JunitTest" time="0.551"/>
</testsuite>